{"/home/drika/myProject/expedition-delivery-package/src/app.js": {"path":"/home/drika/myProject/expedition-delivery-package/src/app.js","statementMap":{"0":{"start":{"line":8,"column":4},"end":{"line":8,"column":16}},"1":{"start":{"line":9,"column":4},"end":{"line":22,"column":5}},"2":{"start":{"line":10,"column":27},"end":{"line":10,"column":53}},"3":{"start":{"line":11,"column":20},"end":{"line":11,"column":29}},"4":{"start":{"line":12,"column":8},"end":{"line":18,"column":9}},"5":{"start":{"line":13,"column":12},"end":{"line":13,"column":96}},"6":{"start":{"line":14,"column":12},"end":{"line":14,"column":35}},"7":{"start":{"line":15,"column":12},"end":{"line":15,"column":31}},"8":{"start":{"line":17,"column":12},"end":{"line":17,"column":75}},"9":{"start":{"line":19,"column":8},"end":{"line":19,"column":19}},"10":{"start":{"line":21,"column":8},"end":{"line":21,"column":20}}},"fnMap":{"0":{"name":"app","decl":{"start":{"line":7,"column":22},"end":{"line":7,"column":25}},"loc":{"start":{"line":7,"column":27},"end":{"line":23,"column":1}},"line":7}},"branchMap":{"0":{"loc":{"start":{"line":12,"column":8},"end":{"line":18,"column":9}},"type":"if","locations":[{"start":{"line":12,"column":8},"end":{"line":18,"column":9}},{"start":{"line":12,"column":8},"end":{"line":18,"column":9}}],"line":12}},"s":{"0":1,"1":1,"2":1,"3":1,"4":1,"5":1,"6":1,"7":1,"8":0,"9":1,"10":0},"f":{"0":1},"b":{"0":[1,0]},"_coverageSchema":"43e27e138ebf9cfc5966b082cf9a028302ed4184","hash":"b7ea502a7970d6b0ad0134451c6efbb27be5c0a8"}
,"/home/drika/myProject/expedition-delivery-package/src/config.js": {"path":"/home/drika/myProject/expedition-delivery-package/src/config.js","statementMap":{"0":{"start":{"line":4,"column":4},"end":{"line":8,"column":5}},"1":{"start":{"line":5,"column":8},"end":{"line":5,"column":49}},"2":{"start":{"line":7,"column":8},"end":{"line":7,"column":24}},"3":{"start":{"line":10,"column":4},"end":{"line":13,"column":5}},"4":{"start":{"line":11,"column":8},"end":{"line":11,"column":110}},"5":{"start":{"line":12,"column":8},"end":{"line":12,"column":24}},"6":{"start":{"line":14,"column":4},"end":{"line":14,"column":55}}},"fnMap":{"0":{"name":"configure","decl":{"start":{"line":3,"column":24},"end":{"line":3,"column":33}},"loc":{"start":{"line":3,"column":35},"end":{"line":15,"column":1}},"line":3}},"branchMap":{"0":{"loc":{"start":{"line":4,"column":4},"end":{"line":8,"column":5}},"type":"if","locations":[{"start":{"line":4,"column":4},"end":{"line":8,"column":5}},{"start":{"line":4,"column":4},"end":{"line":8,"column":5}}],"line":4},"1":{"loc":{"start":{"line":10,"column":4},"end":{"line":13,"column":5}},"type":"if","locations":[{"start":{"line":10,"column":4},"end":{"line":13,"column":5}},{"start":{"line":10,"column":4},"end":{"line":13,"column":5}}],"line":10}},"s":{"0":3,"1":3,"2":0,"3":3,"4":0,"5":0,"6":3},"f":{"0":3},"b":{"0":[3,0],"1":[0,3]},"_coverageSchema":"43e27e138ebf9cfc5966b082cf9a028302ed4184","hash":"77003692b38d2b375d5257dc9ec5f09e8e34cdfa"}
,"/home/drika/myProject/expedition-delivery-package/src/database/connection.js": {"path":"/home/drika/myProject/expedition-delivery-package/src/database/connection.js","statementMap":{"0":{"start":{"line":5,"column":23},"end":{"line":15,"column":6}},"1":{"start":{"line":16,"column":4},"end":{"line":16,"column":22}}},"fnMap":{"0":{"name":"createDBConnection","decl":{"start":{"line":4,"column":15},"end":{"line":4,"column":33}},"loc":{"start":{"line":4,"column":35},"end":{"line":17,"column":1}},"line":4}},"branchMap":{},"s":{"0":3,"1":2},"f":{"0":3},"b":{},"_coverageSchema":"43e27e138ebf9cfc5966b082cf9a028302ed4184","hash":"3bf84e71bd2f07feb9c49719523ddb05f508bd19"}
,"/home/drika/myProject/expedition-delivery-package/src/database/entities.js": {"path":"/home/drika/myProject/expedition-delivery-package/src/database/entities.js","statementMap":{},"fnMap":{},"branchMap":{},"s":{},"f":{},"b":{},"_coverageSchema":"43e27e138ebf9cfc5966b082cf9a028302ed4184","hash":"90cb480c92d3be407aefc48f7dc322c92abc9e96"}
,"/home/drika/myProject/expedition-delivery-package/src/database/schemas/location.schema.js": {"path":"/home/drika/myProject/expedition-delivery-package/src/database/schemas/location.schema.js","statementMap":{"0":{"start":{"line":4,"column":23},"end":{"line":20,"column":2}}},"fnMap":{},"branchMap":{},"s":{"0":3},"f":{},"b":{},"_coverageSchema":"43e27e138ebf9cfc5966b082cf9a028302ed4184","hash":"993af52b85fda1bdd2d4b5803d036c9180dbed13"}
,"/home/drika/myProject/expedition-delivery-package/src/database/schemas/package.schema.js": {"path":"/home/drika/myProject/expedition-delivery-package/src/database/schemas/package.schema.js","statementMap":{"0":{"start":{"line":4,"column":23},"end":{"line":49,"column":2}}},"fnMap":{},"branchMap":{},"s":{"0":3},"f":{},"b":{},"_coverageSchema":"43e27e138ebf9cfc5966b082cf9a028302ed4184","hash":"c637b33d8d8e4bdc2f593bef92859d91ccf85462"}
,"/home/drika/myProject/expedition-delivery-package/src/database/schemas/transitTrack.schema.js": {"path":"/home/drika/myProject/expedition-delivery-package/src/database/schemas/transitTrack.schema.js","statementMap":{"0":{"start":{"line":4,"column":27},"end":{"line":34,"column":2}},"1":{"start":{"line":17,"column":24},"end":{"line":17,"column":43}}},"fnMap":{"0":{"name":"(anonymous_0)","decl":{"start":{"line":17,"column":20},"end":{"line":17,"column":21}},"loc":{"start":{"line":17,"column":24},"end":{"line":17,"column":43}},"line":17}},"branchMap":{},"s":{"0":3,"1":3},"f":{"0":3},"b":{},"_coverageSchema":"43e27e138ebf9cfc5966b082cf9a028302ed4184","hash":"d81e5cc5f55f1c51c7838b70e55d90d1f530dd9e"}
,"/home/drika/myProject/expedition-delivery-package/src/middleware/app.middleware.js": {"path":"/home/drika/myProject/expedition-delivery-package/src/middleware/app.middleware.js","statementMap":{},"fnMap":{},"branchMap":{},"s":{},"f":{},"b":{},"_coverageSchema":"43e27e138ebf9cfc5966b082cf9a028302ed4184","hash":"0fec1f62848bebfff3ed4d72a72b88a29dbc2463"}
,"/home/drika/myProject/expedition-delivery-package/src/models/mst.location.js": {"path":"/home/drika/myProject/expedition-delivery-package/src/models/mst.location.js","statementMap":{"0":{"start":{"line":3,"column":8},"end":{"line":3,"column":36}},"1":{"start":{"line":4,"column":8},"end":{"line":4,"column":40}}},"fnMap":{"0":{"name":"(anonymous_0)","decl":{"start":{"line":2,"column":4},"end":{"line":2,"column":5}},"loc":{"start":{"line":2,"column":40},"end":{"line":5,"column":5}},"line":2}},"branchMap":{},"s":{"0":10,"1":10},"f":{"0":10},"b":{},"_coverageSchema":"43e27e138ebf9cfc5966b082cf9a028302ed4184","hash":"6c0a77c5999a7f27d44ff0d7c022d93314c3e137"}
,"/home/drika/myProject/expedition-delivery-package/src/models/packages.js": {"path":"/home/drika/myProject/expedition-delivery-package/src/models/packages.js","statementMap":{"0":{"start":{"line":3,"column":8},"end":{"line":3,"column":35}},"1":{"start":{"line":4,"column":8},"end":{"line":4,"column":41}},"2":{"start":{"line":5,"column":8},"end":{"line":5,"column":39}},"3":{"start":{"line":6,"column":8},"end":{"line":6,"column":53}},"4":{"start":{"line":7,"column":8},"end":{"line":7,"column":29}},"5":{"start":{"line":8,"column":8},"end":{"line":8,"column":27}}},"fnMap":{"0":{"name":"(anonymous_0)","decl":{"start":{"line":2,"column":4},"end":{"line":2,"column":5}},"loc":{"start":{"line":2,"column":83},"end":{"line":9,"column":5}},"line":2}},"branchMap":{},"s":{"0":5,"1":5,"2":5,"3":5,"4":5,"5":5},"f":{"0":5},"b":{},"_coverageSchema":"43e27e138ebf9cfc5966b082cf9a028302ed4184","hash":"8e8a9ed37bdc913de047a931b20a815c3fcda66e"}
,"/home/drika/myProject/expedition-delivery-package/src/models/transit.model.js": {"path":"/home/drika/myProject/expedition-delivery-package/src/models/transit.model.js","statementMap":{"0":{"start":{"line":3,"column":6},"end":{"line":3,"column":33}},"1":{"start":{"line":4,"column":6},"end":{"line":4,"column":31}},"2":{"start":{"line":5,"column":6},"end":{"line":5,"column":45}},"3":{"start":{"line":6,"column":6},"end":{"line":6,"column":31}}},"fnMap":{"0":{"name":"(anonymous_0)","decl":{"start":{"line":2,"column":4},"end":{"line":2,"column":5}},"loc":{"start":{"line":2,"column":61},"end":{"line":7,"column":5}},"line":2}},"branchMap":{},"s":{"0":3,"1":3,"2":3,"3":3},"f":{"0":3},"b":{},"_coverageSchema":"43e27e138ebf9cfc5966b082cf9a028302ed4184","hash":"c1d42c24af44cf79bc9209178c8405ab3fe2b5e0"}
,"/home/drika/myProject/expedition-delivery-package/src/routes/index.js": {"path":"/home/drika/myProject/expedition-delivery-package/src/routes/index.js","statementMap":{},"fnMap":{},"branchMap":{},"s":{},"f":{},"b":{},"_coverageSchema":"43e27e138ebf9cfc5966b082cf9a028302ed4184","hash":"fa0d4928e593a8ddc470b8bfc9473e42ba8704bf"}
,"/home/drika/myProject/expedition-delivery-package/src/routes/location.route.js": {"path":"/home/drika/myProject/expedition-delivery-package/src/routes/location.route.js","statementMap":{"0":{"start":{"line":4,"column":24},"end":{"line":4,"column":45}},"1":{"start":{"line":5,"column":23},"end":{"line":31,"column":6}},"2":{"start":{"line":7,"column":8},"end":{"line":12,"column":9}},"3":{"start":{"line":8,"column":30},"end":{"line":8,"column":68}},"4":{"start":{"line":9,"column":13},"end":{"line":9,"column":33}},"5":{"start":{"line":11,"column":12},"end":{"line":11,"column":67}},"6":{"start":{"line":15,"column":8},"end":{"line":21,"column":9}},"7":{"start":{"line":16,"column":33},"end":{"line":16,"column":43}},"8":{"start":{"line":17,"column":29},"end":{"line":17,"column":78}},"9":{"start":{"line":18,"column":12},"end":{"line":18,"column":31}},"10":{"start":{"line":20,"column":12},"end":{"line":20,"column":67}},"11":{"start":{"line":24,"column":8},"end":{"line":30,"column":9}},"12":{"start":{"line":25,"column":26},"end":{"line":25,"column":39}},"13":{"start":{"line":26,"column":12},"end":{"line":26,"column":68}},"14":{"start":{"line":27,"column":13},"end":{"line":27,"column":44}},"15":{"start":{"line":29,"column":12},"end":{"line":29,"column":58}}},"fnMap":{"0":{"name":"(anonymous_0)","decl":{"start":{"line":6,"column":22},"end":{"line":6,"column":23}},"loc":{"start":{"line":6,"column":38},"end":{"line":13,"column":5}},"line":6},"1":{"name":"(anonymous_1)","decl":{"start":{"line":14,"column":40},"end":{"line":14,"column":41}},"loc":{"start":{"line":14,"column":56},"end":{"line":22,"column":5}},"line":14},"2":{"name":"(anonymous_2)","decl":{"start":{"line":23,"column":22},"end":{"line":23,"column":23}},"loc":{"start":{"line":23,"column":39},"end":{"line":31,"column":5}},"line":23}},"branchMap":{},"s":{"0":1,"1":1,"2":1,"3":1,"4":1,"5":0,"6":1,"7":1,"8":1,"9":1,"10":0,"11":1,"12":1,"13":1,"14":1,"15":0},"f":{"0":1,"1":1,"2":1},"b":{},"_coverageSchema":"43e27e138ebf9cfc5966b082cf9a028302ed4184","hash":"de8236e2980ded0a7baf538fac495204a2435480"}
,"/home/drika/myProject/expedition-delivery-package/src/routes/package.route.js": {"path":"/home/drika/myProject/expedition-delivery-package/src/routes/package.route.js","statementMap":{"0":{"start":{"line":4,"column":23},"end":{"line":4,"column":43}},"1":{"start":{"line":5,"column":22},"end":{"line":31,"column":6}},"2":{"start":{"line":7,"column":8},"end":{"line":12,"column":9}},"3":{"start":{"line":8,"column":29},"end":{"line":8,"column":66}},"4":{"start":{"line":9,"column":13},"end":{"line":9,"column":32}},"5":{"start":{"line":11,"column":12},"end":{"line":11,"column":67}},"6":{"start":{"line":15,"column":8},"end":{"line":21,"column":9}},"7":{"start":{"line":16,"column":32},"end":{"line":16,"column":42}},"8":{"start":{"line":17,"column":32},"end":{"line":17,"column":78}},"9":{"start":{"line":18,"column":12},"end":{"line":18,"column":34}},"10":{"start":{"line":20,"column":12},"end":{"line":20,"column":67}},"11":{"start":{"line":24,"column":8},"end":{"line":30,"column":9}},"12":{"start":{"line":25,"column":29},"end":{"line":25,"column":42}},"13":{"start":{"line":26,"column":12},"end":{"line":26,"column":72}},"14":{"start":{"line":27,"column":13},"end":{"line":27,"column":47}},"15":{"start":{"line":29,"column":12},"end":{"line":29,"column":58}}},"fnMap":{"0":{"name":"(anonymous_0)","decl":{"start":{"line":6,"column":21},"end":{"line":6,"column":22}},"loc":{"start":{"line":6,"column":37},"end":{"line":13,"column":5}},"line":6},"1":{"name":"(anonymous_1)","decl":{"start":{"line":14,"column":112},"end":{"line":14,"column":113}},"loc":{"start":{"line":14,"column":128},"end":{"line":22,"column":5}},"line":14},"2":{"name":"(anonymous_2)","decl":{"start":{"line":23,"column":21},"end":{"line":23,"column":22}},"loc":{"start":{"line":23,"column":38},"end":{"line":31,"column":5}},"line":23}},"branchMap":{},"s":{"0":1,"1":1,"2":0,"3":0,"4":0,"5":0,"6":0,"7":0,"8":0,"9":0,"10":0,"11":0,"12":0,"13":0,"14":0,"15":0},"f":{"0":0,"1":0,"2":0},"b":{},"_coverageSchema":"43e27e138ebf9cfc5966b082cf9a028302ed4184","hash":"cb4e2693b396a11bf4d189a67d2006fe17cc8206"}
,"/home/drika/myProject/expedition-delivery-package/src/routes/transit.router.js": {"path":"/home/drika/myProject/expedition-delivery-package/src/routes/transit.router.js","statementMap":{"0":{"start":{"line":4,"column":23},"end":{"line":4,"column":43}},"1":{"start":{"line":5,"column":22},"end":{"line":31,"column":6}},"2":{"start":{"line":7,"column":8},"end":{"line":12,"column":9}},"3":{"start":{"line":8,"column":32},"end":{"line":8,"column":73}},"4":{"start":{"line":9,"column":13},"end":{"line":9,"column":35}},"5":{"start":{"line":11,"column":12},"end":{"line":11,"column":67}},"6":{"start":{"line":15,"column":8},"end":{"line":21,"column":9}},"7":{"start":{"line":16,"column":32},"end":{"line":16,"column":42}},"8":{"start":{"line":17,"column":32},"end":{"line":17,"column":83}},"9":{"start":{"line":18,"column":12},"end":{"line":18,"column":34}},"10":{"start":{"line":20,"column":12},"end":{"line":20,"column":67}},"11":{"start":{"line":24,"column":8},"end":{"line":30,"column":9}},"12":{"start":{"line":25,"column":29},"end":{"line":25,"column":42}},"13":{"start":{"line":26,"column":12},"end":{"line":26,"column":72}},"14":{"start":{"line":27,"column":13},"end":{"line":27,"column":47}},"15":{"start":{"line":29,"column":12},"end":{"line":29,"column":58}}},"fnMap":{"0":{"name":"(anonymous_0)","decl":{"start":{"line":6,"column":21},"end":{"line":6,"column":22}},"loc":{"start":{"line":6,"column":37},"end":{"line":13,"column":5}},"line":6},"1":{"name":"(anonymous_1)","decl":{"start":{"line":14,"column":112},"end":{"line":14,"column":113}},"loc":{"start":{"line":14,"column":128},"end":{"line":22,"column":5}},"line":14},"2":{"name":"(anonymous_2)","decl":{"start":{"line":23,"column":21},"end":{"line":23,"column":22}},"loc":{"start":{"line":23,"column":38},"end":{"line":31,"column":5}},"line":23}},"branchMap":{},"s":{"0":1,"1":1,"2":0,"3":0,"4":0,"5":0,"6":0,"7":0,"8":0,"9":0,"10":0,"11":0,"12":0,"13":0,"14":0,"15":0},"f":{"0":0,"1":0,"2":0},"b":{},"_coverageSchema":"43e27e138ebf9cfc5966b082cf9a028302ed4184","hash":"22733a409ebfdb574e470909a5f875ababffe69c"}
,"/home/drika/myProject/expedition-delivery-package/src/service/index.js": {"path":"/home/drika/myProject/expedition-delivery-package/src/service/index.js","statementMap":{},"fnMap":{},"branchMap":{},"s":{},"f":{},"b":{},"_coverageSchema":"43e27e138ebf9cfc5966b082cf9a028302ed4184","hash":"2143dc5ececae4281a2851842dc352f2513edf2b"}
,"/home/drika/myProject/expedition-delivery-package/src/service/location.service.js": {"path":"/home/drika/myProject/expedition-delivery-package/src/service/location.service.js","statementMap":{"0":{"start":{"line":6,"column":8},"end":{"line":6,"column":39}},"1":{"start":{"line":10,"column":26},"end":{"line":10,"column":64}},"2":{"start":{"line":11,"column":8},"end":{"line":11,"column":77}},"3":{"start":{"line":11,"column":22},"end":{"line":11,"column":77}},"4":{"start":{"line":12,"column":8},"end":{"line":12,"column":25}},"5":{"start":{"line":15,"column":8},"end":{"line":15,"column":62}},"6":{"start":{"line":18,"column":19},"end":{"line":18,"column":80}},"7":{"start":{"line":19,"column":8},"end":{"line":19,"column":86}},"8":{"start":{"line":19,"column":17},"end":{"line":19,"column":86}},"9":{"start":{"line":20,"column":8},"end":{"line":20,"column":19}}},"fnMap":{"0":{"name":"(anonymous_0)","decl":{"start":{"line":5,"column":4},"end":{"line":5,"column":5}},"loc":{"start":{"line":5,"column":24},"end":{"line":7,"column":5}},"line":5},"1":{"name":"(anonymous_1)","decl":{"start":{"line":9,"column":4},"end":{"line":9,"column":5}},"loc":{"start":{"line":9,"column":26},"end":{"line":13,"column":5}},"line":9},"2":{"name":"(anonymous_2)","decl":{"start":{"line":14,"column":4},"end":{"line":14,"column":5}},"loc":{"start":{"line":14,"column":32},"end":{"line":16,"column":5}},"line":14},"3":{"name":"(anonymous_3)","decl":{"start":{"line":17,"column":4},"end":{"line":17,"column":5}},"loc":{"start":{"line":17,"column":37},"end":{"line":21,"column":5}},"line":17}},"branchMap":{"0":{"loc":{"start":{"line":11,"column":8},"end":{"line":11,"column":77}},"type":"if","locations":[{"start":{"line":11,"column":8},"end":{"line":11,"column":77}},{"start":{"line":11,"column":8},"end":{"line":11,"column":77}}],"line":11},"1":{"loc":{"start":{"line":19,"column":8},"end":{"line":19,"column":86}},"type":"if","locations":[{"start":{"line":19,"column":8},"end":{"line":19,"column":86}},{"start":{"line":19,"column":8},"end":{"line":19,"column":86}}],"line":19}},"s":{"0":26,"1":1,"2":1,"3":0,"4":1,"5":10,"6":1,"7":1,"8":0,"9":1},"f":{"0":26,"1":1,"2":10,"3":1},"b":{"0":[0,1],"1":[0,1]},"_coverageSchema":"43e27e138ebf9cfc5966b082cf9a028302ed4184","hash":"a3c6e93806910d71f08b83a31e5228888fcdfd51"}
,"/home/drika/myProject/expedition-delivery-package/src/service/package.service.js": {"path":"/home/drika/myProject/expedition-delivery-package/src/service/package.service.js","statementMap":{"0":{"start":{"line":7,"column":8},"end":{"line":7,"column":39}},"1":{"start":{"line":11,"column":8},"end":{"line":11,"column":64}},"2":{"start":{"line":14,"column":23},"end":{"line":14,"column":60}},"3":{"start":{"line":15,"column":8},"end":{"line":15,"column":75}},"4":{"start":{"line":15,"column":21},"end":{"line":15,"column":75}},"5":{"start":{"line":16,"column":8},"end":{"line":16,"column":24}},"6":{"start":{"line":19,"column":26},"end":{"line":19,"column":85}},"7":{"start":{"line":20,"column":8},"end":{"line":20,"column":91}},"8":{"start":{"line":20,"column":24},"end":{"line":20,"column":91}},"9":{"start":{"line":21,"column":8},"end":{"line":21,"column":27}}},"fnMap":{"0":{"name":"(anonymous_0)","decl":{"start":{"line":6,"column":4},"end":{"line":6,"column":5}},"loc":{"start":{"line":6,"column":23},"end":{"line":8,"column":5}},"line":6},"1":{"name":"(anonymous_1)","decl":{"start":{"line":10,"column":4},"end":{"line":10,"column":5}},"loc":{"start":{"line":10,"column":34},"end":{"line":12,"column":5}},"line":10},"2":{"name":"(anonymous_2)","decl":{"start":{"line":13,"column":4},"end":{"line":13,"column":5}},"loc":{"start":{"line":13,"column":26},"end":{"line":17,"column":5}},"line":13},"3":{"name":"(anonymous_3)","decl":{"start":{"line":18,"column":4},"end":{"line":18,"column":5}},"loc":{"start":{"line":18,"column":35},"end":{"line":22,"column":5}},"line":18}},"branchMap":{"0":{"loc":{"start":{"line":15,"column":8},"end":{"line":15,"column":75}},"type":"if","locations":[{"start":{"line":15,"column":8},"end":{"line":15,"column":75}},{"start":{"line":15,"column":8},"end":{"line":15,"column":75}}],"line":15},"1":{"loc":{"start":{"line":20,"column":8},"end":{"line":20,"column":91}},"type":"if","locations":[{"start":{"line":20,"column":8},"end":{"line":20,"column":91}},{"start":{"line":20,"column":8},"end":{"line":20,"column":91}}],"line":20}},"s":{"0":12,"1":3,"2":1,"3":1,"4":0,"5":1,"6":1,"7":1,"8":0,"9":1},"f":{"0":12,"1":3,"2":1,"3":1},"b":{"0":[0,1],"1":[0,1]},"_coverageSchema":"43e27e138ebf9cfc5966b082cf9a028302ed4184","hash":"07e15816b8138eeb53e325b9e04d1a8f7632a56e"}
,"/home/drika/myProject/expedition-delivery-package/src/service/transit.service.js": {"path":"/home/drika/myProject/expedition-delivery-package/src/service/transit.service.js","statementMap":{"0":{"start":{"line":6,"column":8},"end":{"line":6,"column":43}},"1":{"start":{"line":11,"column":8},"end":{"line":11,"column":64}},"2":{"start":{"line":14,"column":26},"end":{"line":14,"column":63}},"3":{"start":{"line":15,"column":8},"end":{"line":15,"column":78}},"4":{"start":{"line":15,"column":24},"end":{"line":15,"column":78}},"5":{"start":{"line":16,"column":8},"end":{"line":16,"column":27}},"6":{"start":{"line":19,"column":26},"end":{"line":19,"column":85}},"7":{"start":{"line":20,"column":8},"end":{"line":20,"column":91}},"8":{"start":{"line":20,"column":24},"end":{"line":20,"column":91}},"9":{"start":{"line":21,"column":8},"end":{"line":21,"column":27}}},"fnMap":{"0":{"name":"(anonymous_0)","decl":{"start":{"line":5,"column":4},"end":{"line":5,"column":5}},"loc":{"start":{"line":5,"column":23},"end":{"line":7,"column":5}},"line":5},"1":{"name":"(anonymous_1)","decl":{"start":{"line":10,"column":4},"end":{"line":10,"column":5}},"loc":{"start":{"line":10,"column":34},"end":{"line":12,"column":5}},"line":10},"2":{"name":"(anonymous_2)","decl":{"start":{"line":13,"column":4},"end":{"line":13,"column":5}},"loc":{"start":{"line":13,"column":30},"end":{"line":17,"column":5}},"line":13},"3":{"name":"(anonymous_3)","decl":{"start":{"line":18,"column":4},"end":{"line":18,"column":5}},"loc":{"start":{"line":18,"column":40},"end":{"line":22,"column":5}},"line":18}},"branchMap":{"0":{"loc":{"start":{"line":15,"column":8},"end":{"line":15,"column":78}},"type":"if","locations":[{"start":{"line":15,"column":8},"end":{"line":15,"column":78}},{"start":{"line":15,"column":8},"end":{"line":15,"column":78}}],"line":15},"1":{"loc":{"start":{"line":20,"column":8},"end":{"line":20,"column":91}},"type":"if","locations":[{"start":{"line":20,"column":8},"end":{"line":20,"column":91}},{"start":{"line":20,"column":8},"end":{"line":20,"column":91}}],"line":20}},"s":{"0":0,"1":0,"2":0,"3":0,"4":0,"5":0,"6":0,"7":0,"8":0,"9":0},"f":{"0":0,"1":0,"2":0,"3":0},"b":{"0":[0,0],"1":[0,0]},"_coverageSchema":"43e27e138ebf9cfc5966b082cf9a028302ed4184","hash":"340edebaa603e018c90154ed29860327db3173c3"}
}
